This file contains any messages produced by compilers while
running configure, to aid debugging if configure makes a mistake.

It was created by libpqxx configure 4.0.1, which was
generated by GNU Autoconf 2.69.  Invocation command line was

  $ ./configure 

## --------- ##
## Platform. ##
## --------- ##

hostname = ubuntu
uname -m = i686
uname -r = 3.2.0-126-generic-pae
uname -s = Linux
uname -v = #169-Ubuntu SMP Fri Mar 31 14:43:09 UTC 2017

/usr/bin/uname -p = unknown
/bin/uname -X     = unknown

/bin/arch              = unknown
/usr/bin/arch -k       = unknown
/usr/convex/getsysinfo = unknown
/usr/bin/hostinfo      = unknown
/bin/machine           = unknown
/usr/bin/oslevel       = unknown
/bin/universe          = unknown

PATH: /usr/local/sbin
PATH: /usr/local/bin
PATH: /usr/sbin
PATH: /usr/bin
PATH: /sbin
PATH: /bin
PATH: /usr/games


## ----------- ##
## Core tests. ##
## ----------- ##

configure:2457: checking for a BSD-compatible install
configure:2525: result: /usr/bin/install -c
configure:2536: checking whether build environment is sane
configure:2586: result: yes
configure:2727: checking for a thread-safe mkdir -p
configure:2766: result: /bin/mkdir -p
configure:2779: checking for gawk
configure:2809: result: no
configure:2779: checking for mawk
configure:2795: found /usr/bin/mawk
configure:2806: result: mawk
configure:2817: checking whether make sets $(MAKE)
configure:2839: result: yes
configure:2995: checking for g++
configure:3011: found /usr/bin/g++
configure:3022: result: g++
configure:3049: checking for C++ compiler version
configure:3058: g++ --version >&5
g++ (Ubuntu 4.9.4-2ubuntu1~12.04) 4.9.4
Copyright (C) 2015 Free Software Foundation, Inc.
This is free software; see the source for copying conditions.  There is NO
warranty; not even for MERCHANTABILITY or FITNESS FOR A PARTICULAR PURPOSE.

configure:3069: $? = 0
configure:3058: g++ -v >&5
Using built-in specs.
COLLECT_GCC=g++
COLLECT_LTO_WRAPPER=/usr/lib/gcc/i686-linux-gnu/4.9/lto-wrapper
Target: i686-linux-gnu
Configured with: ../src/configure -v --with-pkgversion='Ubuntu 4.9.4-2ubuntu1~12.04' --with-bugurl=file:///usr/share/doc/gcc-4.9/README.Bugs --enable-languages=c,c++,java,go,d,fortran,objc,obj-c++ --prefix=/usr --program-suffix=-4.9 --enable-shared --enable-linker-build-id --libexecdir=/usr/lib --without-included-gettext --enable-threads=posix --with-gxx-include-dir=/usr/include/c++/4.9 --libdir=/usr/lib --enable-nls --with-sysroot=/ --enable-clocale=gnu --enable-libstdcxx-debug --enable-libstdcxx-time=yes --enable-gnu-unique-object --disable-vtable-verify --enable-plugin --with-system-zlib --disable-browser-plugin --enable-java-awt=gtk --enable-gtk-cairo --with-java-home=/usr/lib/jvm/java-1.5.0-gcj-4.9-i386/jre --enable-java-home --with-jvm-root-dir=/usr/lib/jvm/java-1.5.0-gcj-4.9-i386 --with-jvm-jar-dir=/usr/lib/jvm-exports/java-1.5.0-gcj-4.9-i386 --with-arch-directory=i386 --with-ecj-jar=/usr/share/java/eclipse-ecj.jar --enable-objc-gc --enable-targets=all --enable-multiarch --disable-werror --with-arch-32=i686 --with-multilib-list=m32,m64 --enable-multilib --with-tune=generic --enable-checking=release --build=i686-linux-gnu --host=i686-linux-gnu --target=i686-linux-gnu
Thread model: posix
gcc version 4.9.4 (Ubuntu 4.9.4-2ubuntu1~12.04) 
configure:3069: $? = 0
configure:3058: g++ -V >&5
g++: error: unrecognized command line option '-V'
g++: fatal error: no input files
compilation terminated.
configure:3069: $? = 4
configure:3058: g++ -qversion >&5
g++: error: unrecognized command line option '-qversion'
g++: fatal error: no input files
compilation terminated.
configure:3069: $? = 4
configure:3089: checking whether the C++ compiler works
configure:3111: g++    conftest.cpp  >&5
configure:3115: $? = 0
configure:3163: result: yes
configure:3166: checking for C++ compiler default output file name
configure:3168: result: a.out
configure:3174: checking for suffix of executables
configure:3181: g++ -o conftest    conftest.cpp  >&5
configure:3185: $? = 0
configure:3207: result: 
configure:3229: checking whether we are cross compiling
configure:3237: g++ -o conftest    conftest.cpp  >&5
configure:3241: $? = 0
configure:3248: ./conftest
configure:3252: $? = 0
configure:3267: result: no
configure:3272: checking for suffix of object files
configure:3294: g++ -c   conftest.cpp >&5
configure:3298: $? = 0
configure:3319: result: o
configure:3323: checking whether we are using the GNU C++ compiler
configure:3342: g++ -c   conftest.cpp >&5
configure:3342: $? = 0
configure:3351: result: yes
configure:3360: checking whether g++ accepts -g
configure:3380: g++ -c -g  conftest.cpp >&5
configure:3380: $? = 0
configure:3421: result: yes
configure:3455: checking for style of include used by make
configure:3483: result: GNU
configure:3509: checking dependency style of g++
configure:3620: result: gcc3
configure:3683: checking for gcc
configure:3699: found /usr/bin/gcc
configure:3710: result: gcc
configure:3939: checking for C compiler version
configure:3948: gcc --version >&5
gcc (Ubuntu 4.9.4-2ubuntu1~12.04) 4.9.4
Copyright (C) 2015 Free Software Foundation, Inc.
This is free software; see the source for copying conditions.  There is NO
warranty; not even for MERCHANTABILITY or FITNESS FOR A PARTICULAR PURPOSE.

configure:3959: $? = 0
configure:3948: gcc -v >&5
Using built-in specs.
COLLECT_GCC=gcc
COLLECT_LTO_WRAPPER=/usr/lib/gcc/i686-linux-gnu/4.9/lto-wrapper
Target: i686-linux-gnu
Configured with: ../src/configure -v --with-pkgversion='Ubuntu 4.9.4-2ubuntu1~12.04' --with-bugurl=file:///usr/share/doc/gcc-4.9/README.Bugs --enable-languages=c,c++,java,go,d,fortran,objc,obj-c++ --prefix=/usr --program-suffix=-4.9 --enable-shared --enable-linker-build-id --libexecdir=/usr/lib --without-included-gettext --enable-threads=posix --with-gxx-include-dir=/usr/include/c++/4.9 --libdir=/usr/lib --enable-nls --with-sysroot=/ --enable-clocale=gnu --enable-libstdcxx-debug --enable-libstdcxx-time=yes --enable-gnu-unique-object --disable-vtable-verify --enable-plugin --with-system-zlib --disable-browser-plugin --enable-java-awt=gtk --enable-gtk-cairo --with-java-home=/usr/lib/jvm/java-1.5.0-gcj-4.9-i386/jre --enable-java-home --with-jvm-root-dir=/usr/lib/jvm/java-1.5.0-gcj-4.9-i386 --with-jvm-jar-dir=/usr/lib/jvm-exports/java-1.5.0-gcj-4.9-i386 --with-arch-directory=i386 --with-ecj-jar=/usr/share/java/eclipse-ecj.jar --enable-objc-gc --enable-targets=all --enable-multiarch --disable-werror --with-arch-32=i686 --with-multilib-list=m32,m64 --enable-multilib --with-tune=generic --enable-checking=release --build=i686-linux-gnu --host=i686-linux-gnu --target=i686-linux-gnu
Thread model: posix
gcc version 4.9.4 (Ubuntu 4.9.4-2ubuntu1~12.04) 
configure:3959: $? = 0
configure:3948: gcc -V >&5
gcc: error: unrecognized command line option '-V'
gcc: fatal error: no input files
compilation terminated.
configure:3959: $? = 4
configure:3948: gcc -qversion >&5
gcc: error: unrecognized command line option '-qversion'
gcc: fatal error: no input files
compilation terminated.
configure:3959: $? = 4
configure:3963: checking whether we are using the GNU C compiler
configure:3982: gcc -c   conftest.c >&5
configure:3982: $? = 0
configure:3991: result: yes
configure:4000: checking whether gcc accepts -g
configure:4020: gcc -c -g  conftest.c >&5
configure:4020: $? = 0
configure:4061: result: yes
configure:4078: checking for gcc option to accept ISO C89
configure:4141: gcc  -c -g -O2  conftest.c >&5
configure:4141: $? = 0
configure:4154: result: none needed
configure:4176: checking dependency style of gcc
configure:4287: result: gcc3
configure:4363: checking build system type
configure:4377: result: i686-pc-linux-gnu
configure:4397: checking host system type
configure:4410: result: i686-pc-linux-gnu
configure:4451: checking how to print strings
configure:4478: result: printf
configure:4499: checking for a sed that does not truncate output
configure:4563: result: /bin/sed
configure:4581: checking for grep that handles long lines and -e
configure:4639: result: /bin/grep
configure:4644: checking for egrep
configure:4706: result: /bin/grep -E
configure:4711: checking for fgrep
configure:4773: result: /bin/grep -F
configure:4808: checking for ld used by gcc
configure:4875: result: /usr/bin/ld
configure:4882: checking if the linker (/usr/bin/ld) is GNU ld
configure:4897: result: yes
configure:4909: checking for BSD- or MS-compatible name lister (nm)
configure:4958: result: /usr/bin/nm -B
configure:5088: checking the name lister (/usr/bin/nm -B) interface
configure:5095: g++ -c -g -O2  conftest.cpp >&5
configure:5098: /usr/bin/nm -B "conftest.o"
configure:5101: output
00000000 B some_variable
configure:5108: result: BSD nm
configure:5111: checking whether ln -s works
configure:5115: result: yes
configure:5123: checking the maximum length of command line arguments
configure:5253: result: 1572864
configure:5270: checking whether the shell understands some XSI constructs
configure:5280: result: yes
configure:5284: checking whether the shell understands "+="
configure:5290: result: yes
configure:5325: checking how to convert i686-pc-linux-gnu file names to i686-pc-linux-gnu format
configure:5365: result: func_convert_file_noop
configure:5372: checking how to convert i686-pc-linux-gnu file names to toolchain format
configure:5392: result: func_convert_file_noop
configure:5399: checking for /usr/bin/ld option to reload object files
configure:5406: result: -r
configure:5480: checking for objdump
configure:5496: found /usr/bin/objdump
configure:5507: result: objdump
configure:5539: checking how to recognize dependent libraries
configure:5741: result: pass_all
configure:5826: checking for dlltool
configure:5856: result: no
configure:5886: checking how to associate runtime and link libraries
configure:5913: result: printf %s\n
configure:5974: checking for ar
configure:5990: found /usr/bin/ar
configure:6001: result: ar
configure:6038: checking for archiver @FILE support
configure:6055: g++ -c -g -O2  conftest.cpp >&5
configure:6055: $? = 0
configure:6058: ar cru libconftest.a @conftest.lst >&5
configure:6061: $? = 0
configure:6066: ar cru libconftest.a @conftest.lst >&5
ar: conftest.o: No such file or directory
configure:6069: $? = 1
configure:6081: result: @
configure:6139: checking for strip
configure:6155: found /usr/bin/strip
configure:6166: result: strip
configure:6238: checking for ranlib
configure:6254: found /usr/bin/ranlib
configure:6265: result: ranlib
configure:6367: checking command to parse /usr/bin/nm -B output from gcc object
configure:6487: g++ -c -g -O2  conftest.cpp >&5
configure:6490: $? = 0
configure:6494: /usr/bin/nm -B conftest.o \| sed -n -e 's/^.*[ ]\([ABCDGIRSTW][ABCDGIRSTW]*\)[ ][ ]*\([_A-Za-z][_A-Za-z0-9]*\)$/\1 \2 \2/p' | sed '/ __gnu_lto/d' \> conftest.nm
configure:6497: $? = 0
configure:6563: g++ -o conftest -g -O2   conftest.cpp conftstm.o >&5
configure:6566: $? = 0
configure:6604: result: ok
configure:6641: checking for sysroot
configure:6671: result: no
configure:6928: checking for mt
configure:6944: found /bin/mt
configure:6955: result: mt
configure:6978: checking if mt is a manifest tool
configure:6984: mt '-?'
configure:6992: result: no
configure:7634: checking how to run the C preprocessor
configure:7665: gcc -E  conftest.c
configure:7665: $? = 0
configure:7679: gcc -E  conftest.c
conftest.c:11:28: fatal error: ac_nonexistent.h: No such file or directory
 #include <ac_nonexistent.h>
                            ^
compilation terminated.
configure:7679: $? = 1
configure: failed program was:
| /* confdefs.h */
| #define PACKAGE_NAME "libpqxx"
| #define PACKAGE_TARNAME "libpqxx"
| #define PACKAGE_VERSION "4.0.1"
| #define PACKAGE_STRING "libpqxx 4.0.1"
| #define PACKAGE_BUGREPORT "Jeroen T. Vermeulen <jtv@xs4all.nl>"
| #define PACKAGE_URL ""
| #define PACKAGE "libpqxx"
| #define VERSION "4.0.1"
| /* end confdefs.h.  */
| #include <ac_nonexistent.h>
configure:7704: result: gcc -E
configure:7724: gcc -E  conftest.c
configure:7724: $? = 0
configure:7738: gcc -E  conftest.c
conftest.c:11:28: fatal error: ac_nonexistent.h: No such file or directory
 #include <ac_nonexistent.h>
                            ^
compilation terminated.
configure:7738: $? = 1
configure: failed program was:
| /* confdefs.h */
| #define PACKAGE_NAME "libpqxx"
| #define PACKAGE_TARNAME "libpqxx"
| #define PACKAGE_VERSION "4.0.1"
| #define PACKAGE_STRING "libpqxx 4.0.1"
| #define PACKAGE_BUGREPORT "Jeroen T. Vermeulen <jtv@xs4all.nl>"
| #define PACKAGE_URL ""
| #define PACKAGE "libpqxx"
| #define VERSION "4.0.1"
| /* end confdefs.h.  */
| #include <ac_nonexistent.h>
configure:7767: checking for ANSI C header files
configure:7787: gcc -c -g -O2  conftest.c >&5
configure:7787: $? = 0
configure:7860: gcc -o conftest -g -O2   conftest.c  >&5
configure:7860: $? = 0
configure:7860: ./conftest
configure:7860: $? = 0
configure:7871: result: yes
configure:7884: checking for sys/types.h
configure:7884: gcc -c -g -O2  conftest.c >&5
configure:7884: $? = 0
configure:7884: result: yes
configure:7884: checking for sys/stat.h
configure:7884: gcc -c -g -O2  conftest.c >&5
configure:7884: $? = 0
configure:7884: result: yes
configure:7884: checking for stdlib.h
configure:7884: gcc -c -g -O2  conftest.c >&5
configure:7884: $? = 0
configure:7884: result: yes
configure:7884: checking for string.h
configure:7884: gcc -c -g -O2  conftest.c >&5
configure:7884: $? = 0
configure:7884: result: yes
configure:7884: checking for memory.h
configure:7884: gcc -c -g -O2  conftest.c >&5
configure:7884: $? = 0
configure:7884: result: yes
configure:7884: checking for strings.h
configure:7884: gcc -c -g -O2  conftest.c >&5
configure:7884: $? = 0
configure:7884: result: yes
configure:7884: checking for inttypes.h
configure:7884: gcc -c -g -O2  conftest.c >&5
configure:7884: $? = 0
configure:7884: result: yes
configure:7884: checking for stdint.h
configure:7884: gcc -c -g -O2  conftest.c >&5
configure:7884: $? = 0
configure:7884: result: yes
configure:7884: checking for unistd.h
configure:7884: gcc -c -g -O2  conftest.c >&5
configure:7884: $? = 0
configure:7884: result: yes
configure:7898: checking for dlfcn.h
configure:7898: gcc -c -g -O2  conftest.c >&5
configure:7898: $? = 0
configure:7898: result: yes
configure:8084: checking for objdir
configure:8099: result: .libs
configure:8370: checking if gcc supports -fno-rtti -fno-exceptions
configure:8388: gcc -c -g -O2  -fno-rtti -fno-exceptions conftest.c >&5
cc1: warning: command line option '-fno-rtti' is valid for C++/ObjC++ but not for C
configure:8392: $? = 0
configure:8405: result: no
configure:8732: checking for gcc option to produce PIC
configure:8739: result: -fPIC -DPIC
configure:8747: checking if gcc PIC flag -fPIC -DPIC works
configure:8765: gcc -c -g -O2  -fPIC -DPIC -DPIC conftest.c >&5
configure:8769: $? = 0
configure:8782: result: yes
configure:8811: checking if gcc static flag -static works
configure:8839: result: yes
configure:8854: checking if gcc supports -c -o file.o
configure:8875: gcc -c -g -O2  -o out/conftest2.o conftest.c >&5
configure:8879: $? = 0
configure:8901: result: yes
configure:8909: checking if gcc supports -c -o file.o
configure:8956: result: yes
configure:8989: checking whether the gcc linker (/usr/bin/ld) supports shared libraries
configure:10146: result: yes
configure:10386: checking dynamic linker characteristics
configure:10897: gcc -o conftest -g -O2   -Wl,-rpath -Wl,/foo conftest.c  >&5
configure:10897: $? = 0
configure:11131: result: GNU/Linux ld.so
configure:11238: checking how to hardcode library paths into programs
configure:11263: result: immediate
configure:11803: checking whether stripping libraries is possible
configure:11808: result: yes
configure:11843: checking if libtool supports shared libraries
configure:11845: result: yes
configure:11848: checking whether to build shared libraries
configure:11869: result: no
configure:11872: checking whether to build static libraries
configure:11876: result: yes
configure:11899: checking how to run the C++ preprocessor
configure:11926: g++ -E  conftest.cpp
configure:11926: $? = 0
configure:11940: g++ -E  conftest.cpp
conftest.cpp:23:28: fatal error: ac_nonexistent.h: No such file or directory
 #include <ac_nonexistent.h>
                            ^
compilation terminated.
configure:11940: $? = 1
configure: failed program was:
| /* confdefs.h */
| #define PACKAGE_NAME "libpqxx"
| #define PACKAGE_TARNAME "libpqxx"
| #define PACKAGE_VERSION "4.0.1"
| #define PACKAGE_STRING "libpqxx 4.0.1"
| #define PACKAGE_BUGREPORT "Jeroen T. Vermeulen <jtv@xs4all.nl>"
| #define PACKAGE_URL ""
| #define PACKAGE "libpqxx"
| #define VERSION "4.0.1"
| #define STDC_HEADERS 1
| #define HAVE_SYS_TYPES_H 1
| #define HAVE_SYS_STAT_H 1
| #define HAVE_STDLIB_H 1
| #define HAVE_STRING_H 1
| #define HAVE_MEMORY_H 1
| #define HAVE_STRINGS_H 1
| #define HAVE_INTTYPES_H 1
| #define HAVE_STDINT_H 1
| #define HAVE_UNISTD_H 1
| #define HAVE_DLFCN_H 1
| #define LT_OBJDIR ".libs/"
| /* end confdefs.h.  */
| #include <ac_nonexistent.h>
configure:11965: result: g++ -E
configure:11985: g++ -E  conftest.cpp
configure:11985: $? = 0
configure:11999: g++ -E  conftest.cpp
conftest.cpp:23:28: fatal error: ac_nonexistent.h: No such file or directory
 #include <ac_nonexistent.h>
                            ^
compilation terminated.
configure:11999: $? = 1
configure: failed program was:
| /* confdefs.h */
| #define PACKAGE_NAME "libpqxx"
| #define PACKAGE_TARNAME "libpqxx"
| #define PACKAGE_VERSION "4.0.1"
| #define PACKAGE_STRING "libpqxx 4.0.1"
| #define PACKAGE_BUGREPORT "Jeroen T. Vermeulen <jtv@xs4all.nl>"
| #define PACKAGE_URL ""
| #define PACKAGE "libpqxx"
| #define VERSION "4.0.1"
| #define STDC_HEADERS 1
| #define HAVE_SYS_TYPES_H 1
| #define HAVE_SYS_STAT_H 1
| #define HAVE_STDLIB_H 1
| #define HAVE_STRING_H 1
| #define HAVE_MEMORY_H 1
| #define HAVE_STRINGS_H 1
| #define HAVE_INTTYPES_H 1
| #define HAVE_STDINT_H 1
| #define HAVE_UNISTD_H 1
| #define HAVE_DLFCN_H 1
| #define LT_OBJDIR ".libs/"
| /* end confdefs.h.  */
| #include <ac_nonexistent.h>
configure:12168: checking for ld used by g++
configure:12235: result: /usr/bin/ld
configure:12242: checking if the linker (/usr/bin/ld) is GNU ld
configure:12257: result: yes
configure:12312: checking whether the g++ linker (/usr/bin/ld) supports shared libraries
configure:13317: result: yes
configure:13353: g++ -c -g -O2  conftest.cpp >&5
configure:13356: $? = 0
configure:13876: checking for g++ option to produce PIC
configure:13883: result: -fPIC -DPIC
configure:13891: checking if g++ PIC flag -fPIC -DPIC works
configure:13909: g++ -c -g -O2  -fPIC -DPIC -DPIC conftest.cpp >&5
configure:13913: $? = 0
configure:13926: result: yes
configure:13949: checking if g++ static flag -static works
configure:13977: result: yes
configure:13989: checking if g++ supports -c -o file.o
configure:14010: g++ -c -g -O2  -o out/conftest2.o conftest.cpp >&5
configure:14014: $? = 0
configure:14036: result: yes
configure:14041: checking if g++ supports -c -o file.o
configure:14088: result: yes
configure:14118: checking whether the g++ linker (/usr/bin/ld) supports shared libraries
configure:14157: result: yes
configure:14298: checking dynamic linker characteristics
configure:14977: result: GNU/Linux ld.so
configure:15030: checking how to hardcode library paths into programs
configure:15055: result: immediate
configure:15116: checking whether make sets $(MAKE)
configure:15138: result: yes
configure:15149: checking for mkdir
configure:15167: found /bin/mkdir
configure:15179: result: /bin/mkdir
configure:15189: checking for pkg-config
configure:15207: found /usr/bin/pkg-config
configure:15219: result: /usr/bin/pkg-config
configure:15240: checking for doxygen
configure:15273: result: no
configure:15288: checking for dot
configure:15316: result: NO
configure:15326: checking for xmlto
configure:15359: result: no
configure:15393: checking whether to enable maintainer-specific portions of Makefiles
configure:15402: result: no
configure:15417: checking maintainer mode
configure:15424: result: 
configure:15523: checking g++ visibility attribute
configure:15541: g++ -c -g -O2 -Werror  conftest.cpp >&5
configure:15541: $? = 0
configure:15549: result: yes
configure:15441: checking whether g++ accepts -fvisibility-inlines-hidden
configure:15454: g++ -c -g -O2 -Werror -fvisibility-inlines-hidden  conftest.cpp >&5
configure:15454: $? = 0
configure:15460: result: yes
configure:15561: checking g++ const attribute
configure:15575: g++ -c -g -O2  conftest.cpp >&5
configure:15575: $? = 0
configure:15583: result: yes
configure:15586: checking g++ deprecation attribute
configure:15600: g++ -c -g -O2  conftest.cpp >&5
configure:15600: $? = 0
configure:15608: result: yes
configure:15611: checking g++ noreturn attribute
configure:15630: g++ -c -g -O2  conftest.cpp >&5
configure:15630: $? = 0
configure:15638: result: yes
configure:15641: checking g++ pure attribute
configure:15655: g++ -c -g -O2  conftest.cpp >&5
configure:15655: $? = 0
configure:15663: result: yes
configure:15675: checking name of standard library namespace (normally "std")
configure:15696: g++ -c -g -O2  conftest.cpp >&5
configure:15696: $? = 0
configure:15708: result: ::std
configure:15719: checking boost/smart_ptr.hpp usability
configure:15719: g++ -c -g -O2  conftest.cpp >&5
conftest.cpp:62:31: fatal error: boost/smart_ptr.hpp: No such file or directory
 #include <boost/smart_ptr.hpp>
                               ^
compilation terminated.
configure:15719: $? = 1
configure: failed program was:
| /* confdefs.h */
| #define PACKAGE_NAME "libpqxx"
| #define PACKAGE_TARNAME "libpqxx"
| #define PACKAGE_VERSION "4.0.1"
| #define PACKAGE_STRING "libpqxx 4.0.1"
| #define PACKAGE_BUGREPORT "Jeroen T. Vermeulen <jtv@xs4all.nl>"
| #define PACKAGE_URL ""
| #define PACKAGE "libpqxx"
| #define VERSION "4.0.1"
| #define STDC_HEADERS 1
| #define HAVE_SYS_TYPES_H 1
| #define HAVE_SYS_STAT_H 1
| #define HAVE_STDLIB_H 1
| #define HAVE_STRING_H 1
| #define HAVE_MEMORY_H 1
| #define HAVE_STRINGS_H 1
| #define HAVE_INTTYPES_H 1
| #define HAVE_STDINT_H 1
| #define HAVE_UNISTD_H 1
| #define HAVE_DLFCN_H 1
| #define LT_OBJDIR ".libs/"
| #define PQXX_HAVE_GCC_VISIBILITY 1
| #define PQXX_HAVE_GCC_CONST 1
| #define PQXX_HAVE_GCC_DEPRECATED 1
| #define PQXX_HAVE_GCC_NORETURN 1
| #define PQXX_HAVE_GCC_PURE 1
| #define PGSTD std
| /* end confdefs.h.  */
| #include <stdio.h>
| #ifdef HAVE_SYS_TYPES_H
| # include <sys/types.h>
| #endif
| #ifdef HAVE_SYS_STAT_H
| # include <sys/stat.h>
| #endif
| #ifdef STDC_HEADERS
| # include <stdlib.h>
| # include <stddef.h>
| #else
| # ifdef HAVE_STDLIB_H
| #  include <stdlib.h>
| # endif
| #endif
| #ifdef HAVE_STRING_H
| # if !defined STDC_HEADERS && defined HAVE_MEMORY_H
| #  include <memory.h>
| # endif
| # include <string.h>
| #endif
| #ifdef HAVE_STRINGS_H
| # include <strings.h>
| #endif
| #ifdef HAVE_INTTYPES_H
| # include <inttypes.h>
| #endif
| #ifdef HAVE_STDINT_H
| # include <stdint.h>
| #endif
| #ifdef HAVE_UNISTD_H
| # include <unistd.h>
| #endif
| #include <boost/smart_ptr.hpp>
configure:15719: result: no
configure:15719: checking boost/smart_ptr.hpp presence
configure:15719: g++ -E  conftest.cpp
conftest.cpp:29:31: fatal error: boost/smart_ptr.hpp: No such file or directory
 #include <boost/smart_ptr.hpp>
                               ^
compilation terminated.
configure:15719: $? = 1
configure: failed program was:
| /* confdefs.h */
| #define PACKAGE_NAME "libpqxx"
| #define PACKAGE_TARNAME "libpqxx"
| #define PACKAGE_VERSION "4.0.1"
| #define PACKAGE_STRING "libpqxx 4.0.1"
| #define PACKAGE_BUGREPORT "Jeroen T. Vermeulen <jtv@xs4all.nl>"
| #define PACKAGE_URL ""
| #define PACKAGE "libpqxx"
| #define VERSION "4.0.1"
| #define STDC_HEADERS 1
| #define HAVE_SYS_TYPES_H 1
| #define HAVE_SYS_STAT_H 1
| #define HAVE_STDLIB_H 1
| #define HAVE_STRING_H 1
| #define HAVE_MEMORY_H 1
| #define HAVE_STRINGS_H 1
| #define HAVE_INTTYPES_H 1
| #define HAVE_STDINT_H 1
| #define HAVE_UNISTD_H 1
| #define HAVE_DLFCN_H 1
| #define LT_OBJDIR ".libs/"
| #define PQXX_HAVE_GCC_VISIBILITY 1
| #define PQXX_HAVE_GCC_CONST 1
| #define PQXX_HAVE_GCC_DEPRECATED 1
| #define PQXX_HAVE_GCC_NORETURN 1
| #define PQXX_HAVE_GCC_PURE 1
| #define PGSTD std
| /* end confdefs.h.  */
| #include <boost/smart_ptr.hpp>
configure:15719: result: no
configure:15719: checking for boost/smart_ptr.hpp
configure:15719: result: no
configure:15731: checking whether TR1 headers live in tr1 directory
configure:15745: g++ -c -g -O2  conftest.cpp >&5
configure:15745: $? = 0
configure:15753: result: yes
configure:15763: checking namespace of TR1 extension to the C++ standard
configure:15790: g++ -c -g -O2  conftest.cpp >&5
configure:15790: $? = 0
configure:15802: result: std::tr1
configure:15806: checking ios usability
configure:15806: g++ -c -g -O2  conftest.cpp >&5
configure:15806: $? = 0
configure:15806: result: yes
configure:15806: checking ios presence
configure:15806: g++ -E  conftest.cpp
configure:15806: $? = 0
configure:15806: result: yes
configure:15806: checking for ios
configure:15806: result: yes
configure:15818: checking streambuf usability
configure:15818: g++ -c -g -O2  conftest.cpp >&5
configure:15818: $? = 0
configure:15818: result: yes
configure:15818: checking streambuf presence
configure:15818: g++ -E  conftest.cpp
configure:15818: $? = 0
configure:15818: result: yes
configure:15818: checking for streambuf
configure:15818: result: yes
configure:15830: checking locale usability
configure:15830: g++ -c -g -O2  conftest.cpp >&5
configure:15830: $? = 0
configure:15830: result: yes
configure:15830: checking locale presence
configure:15830: g++ -E  conftest.cpp
configure:15830: $? = 0
configure:15830: result: yes
configure:15830: checking for locale
configure:15830: result: yes
configure:15842: checking locale function and stringstream::imbue
configure:15859: g++ -c -g -O2  conftest.cpp >&5
configure:15859: $? = 0
configure:15867: result: yes
configure:15870: checking char_traits template
configure:15885: g++ -c -g -O2  conftest.cpp >&5
configure:15885: $? = 0
configure:15893: result: yes
configure:15896: checking "warning" preprocessor directive
configure:15910: g++ -c -g -O2  conftest.cpp >&5
conftest.cpp:36:2: warning: #warning cpp supports warning directive [-Wcpp]
 #warning cpp supports warning directive
  ^
configure:15910: $? = 0
configure:15918: result: yes
configure:15921: checking "message" preprocessor pragma
configure:15935: g++ -c -g -O2  conftest.cpp >&5
conftest.cpp:37:46: note: #pragma message: cpp supports message pragma
 #pragma message("cpp supports message pragma")
                                              ^
configure:15935: $? = 0
configure:15943: result: yes
configure:15951: checking for pg_config
configure:15969: found /usr/bin/pg_config
configure:15981: result: /usr/bin/pg_config
configure:16000: using PostgreSQL headers at 
configure:16003: using PostgreSQL libraries at 
configure:16014: checking for ANSI C header files
configure:16118: result: yes
configure:16127: checking ability to compile programs using the standard C library
configure:16143: g++ -c -g -O2  conftest.cpp >&5
configure:16143: $? = 0
configure:16160: result: yes
configure:16166: checking for library containing select
configure:16197: g++ -o conftest -g -O2   conftest.cpp  >&5
configure:16197: $? = 0
configure:16214: result: none required
configure:16278: checking /libpq-fe.h usability
configure:16278: g++ -c -g -O2  conftest.cpp >&5
conftest.cpp:72:23: fatal error: /libpq-fe.h: No such file or directory
 #include </libpq-fe.h>
                       ^
compilation terminated.
configure:16278: $? = 1
configure: failed program was:
| /* confdefs.h */
| #define PACKAGE_NAME "libpqxx"
| #define PACKAGE_TARNAME "libpqxx"
| #define PACKAGE_VERSION "4.0.1"
| #define PACKAGE_STRING "libpqxx 4.0.1"
| #define PACKAGE_BUGREPORT "Jeroen T. Vermeulen <jtv@xs4all.nl>"
| #define PACKAGE_URL ""
| #define PACKAGE "libpqxx"
| #define VERSION "4.0.1"
| #define STDC_HEADERS 1
| #define HAVE_SYS_TYPES_H 1
| #define HAVE_SYS_STAT_H 1
| #define HAVE_STDLIB_H 1
| #define HAVE_STRING_H 1
| #define HAVE_MEMORY_H 1
| #define HAVE_STRINGS_H 1
| #define HAVE_INTTYPES_H 1
| #define HAVE_STDINT_H 1
| #define HAVE_UNISTD_H 1
| #define HAVE_DLFCN_H 1
| #define LT_OBJDIR ".libs/"
| #define PQXX_HAVE_GCC_VISIBILITY 1
| #define PQXX_HAVE_GCC_CONST 1
| #define PQXX_HAVE_GCC_DEPRECATED 1
| #define PQXX_HAVE_GCC_NORETURN 1
| #define PQXX_HAVE_GCC_PURE 1
| #define PGSTD std
| #define PQXX_TR1_HEADERS 1
| #define PQXXTR1 std::tr1
| #define PQXX_HAVE_IOS 1
| #define PQXX_HAVE_STREAMBUF 1
| #define PQXX_HAVE_LOCALE 1
| #define PQXX_HAVE_IMBUE 1
| #define PQXX_HAVE_CHAR_TRAITS 1
| #define PQXX_HAVE_CPP_WARNING 1
| #define PQXX_HAVE_CPP_PRAGMA_MESSAGE 1
| #define STDC_HEADERS 1
| /* end confdefs.h.  */
| #include <stdio.h>
| #ifdef HAVE_SYS_TYPES_H
| # include <sys/types.h>
| #endif
| #ifdef HAVE_SYS_STAT_H
| # include <sys/stat.h>
| #endif
| #ifdef STDC_HEADERS
| # include <stdlib.h>
| # include <stddef.h>
| #else
| # ifdef HAVE_STDLIB_H
| #  include <stdlib.h>
| # endif
| #endif
| #ifdef HAVE_STRING_H
| # if !defined STDC_HEADERS && defined HAVE_MEMORY_H
| #  include <memory.h>
| # endif
| # include <string.h>
| #endif
| #ifdef HAVE_STRINGS_H
| # include <strings.h>
| #endif
| #ifdef HAVE_INTTYPES_H
| # include <inttypes.h>
| #endif
| #ifdef HAVE_STDINT_H
| # include <stdint.h>
| #endif
| #ifdef HAVE_UNISTD_H
| # include <unistd.h>
| #endif
| #include </libpq-fe.h>
configure:16278: result: no
configure:16278: checking /libpq-fe.h presence
configure:16278: g++ -E  conftest.cpp
conftest.cpp:39:23: fatal error: /libpq-fe.h: No such file or directory
 #include </libpq-fe.h>
                       ^
compilation terminated.
configure:16278: $? = 1
configure: failed program was:
| /* confdefs.h */
| #define PACKAGE_NAME "libpqxx"
| #define PACKAGE_TARNAME "libpqxx"
| #define PACKAGE_VERSION "4.0.1"
| #define PACKAGE_STRING "libpqxx 4.0.1"
| #define PACKAGE_BUGREPORT "Jeroen T. Vermeulen <jtv@xs4all.nl>"
| #define PACKAGE_URL ""
| #define PACKAGE "libpqxx"
| #define VERSION "4.0.1"
| #define STDC_HEADERS 1
| #define HAVE_SYS_TYPES_H 1
| #define HAVE_SYS_STAT_H 1
| #define HAVE_STDLIB_H 1
| #define HAVE_STRING_H 1
| #define HAVE_MEMORY_H 1
| #define HAVE_STRINGS_H 1
| #define HAVE_INTTYPES_H 1
| #define HAVE_STDINT_H 1
| #define HAVE_UNISTD_H 1
| #define HAVE_DLFCN_H 1
| #define LT_OBJDIR ".libs/"
| #define PQXX_HAVE_GCC_VISIBILITY 1
| #define PQXX_HAVE_GCC_CONST 1
| #define PQXX_HAVE_GCC_DEPRECATED 1
| #define PQXX_HAVE_GCC_NORETURN 1
| #define PQXX_HAVE_GCC_PURE 1
| #define PGSTD std
| #define PQXX_TR1_HEADERS 1
| #define PQXXTR1 std::tr1
| #define PQXX_HAVE_IOS 1
| #define PQXX_HAVE_STREAMBUF 1
| #define PQXX_HAVE_LOCALE 1
| #define PQXX_HAVE_IMBUE 1
| #define PQXX_HAVE_CHAR_TRAITS 1
| #define PQXX_HAVE_CPP_WARNING 1
| #define PQXX_HAVE_CPP_PRAGMA_MESSAGE 1
| #define STDC_HEADERS 1
| /* end confdefs.h.  */
| #include </libpq-fe.h>
configure:16278: result: no
configure:16278: checking for /libpq-fe.h
configure:16278: result: no
configure:16282: error: 
Can't find libpq-fe.h in .  Are you sure the libpq
headers are installed correctly?  They should be in the directory returned by
"pg_config --includedir".

If you do have libpq (the C-language client library for PostgreSQL) installed,
make sure you have the related development materials--mainly its header files--
as well as the library binary.  Some system distributions keep the two in
seperate packages with names like "alibrary" and "alibrary-dev", respectively.
In that case, make sure you have the latter installed as well.


## ---------------- ##
## Cache variables. ##
## ---------------- ##

ac_cv_build=i686-pc-linux-gnu
ac_cv_c_compiler_gnu=yes
ac_cv_cxx_compiler_gnu=yes
ac_cv_env_CCC_set=
ac_cv_env_CCC_value=
ac_cv_env_CC_set=
ac_cv_env_CC_value=
ac_cv_env_CFLAGS_set=
ac_cv_env_CFLAGS_value=
ac_cv_env_CPPFLAGS_set=
ac_cv_env_CPPFLAGS_value=
ac_cv_env_CPP_set=
ac_cv_env_CPP_value=
ac_cv_env_CXXCPP_set=
ac_cv_env_CXXCPP_value=
ac_cv_env_CXXFLAGS_set=
ac_cv_env_CXXFLAGS_value=
ac_cv_env_CXX_set=
ac_cv_env_CXX_value=
ac_cv_env_LDFLAGS_set=
ac_cv_env_LDFLAGS_value=
ac_cv_env_LIBS_set=
ac_cv_env_LIBS_value=
ac_cv_env_build_alias_set=
ac_cv_env_build_alias_value=
ac_cv_env_host_alias_set=
ac_cv_env_host_alias_value=
ac_cv_env_target_alias_set=
ac_cv_env_target_alias_value=
ac_cv_header__libpq_fe_h=no
ac_cv_header_boost_smart_ptr_hpp=no
ac_cv_header_dlfcn_h=yes
ac_cv_header_inttypes_h=yes
ac_cv_header_ios=yes
ac_cv_header_locale=yes
ac_cv_header_memory_h=yes
ac_cv_header_stdc=yes
ac_cv_header_stdint_h=yes
ac_cv_header_stdlib_h=yes
ac_cv_header_streambuf=yes
ac_cv_header_string_h=yes
ac_cv_header_strings_h=yes
ac_cv_header_sys_stat_h=yes
ac_cv_header_sys_types_h=yes
ac_cv_header_unistd_h=yes
ac_cv_host=i686-pc-linux-gnu
ac_cv_objext=o
ac_cv_path_EGREP='/bin/grep -E'
ac_cv_path_FGREP='/bin/grep -F'
ac_cv_path_GREP=/bin/grep
ac_cv_path_MKDIR=/bin/mkdir
ac_cv_path_PG_CONFIG=/usr/bin/pg_config
ac_cv_path_PKG_CONFIG=/usr/bin/pkg-config
ac_cv_path_SED=/bin/sed
ac_cv_path_install='/usr/bin/install -c'
ac_cv_path_mkdir=/bin/mkdir
ac_cv_prog_AWK=mawk
ac_cv_prog_CPP='gcc -E'
ac_cv_prog_CXXCPP='g++ -E'
ac_cv_prog_HAVE_DOT=NO
ac_cv_prog_ac_ct_AR=ar
ac_cv_prog_ac_ct_CC=gcc
ac_cv_prog_ac_ct_CXX=g++
ac_cv_prog_ac_ct_MANIFEST_TOOL=mt
ac_cv_prog_ac_ct_OBJDUMP=objdump
ac_cv_prog_ac_ct_RANLIB=ranlib
ac_cv_prog_ac_ct_STRIP=strip
ac_cv_prog_cc_c89=
ac_cv_prog_cc_g=yes
ac_cv_prog_cxx_g=yes
ac_cv_prog_make_make_set=yes
ac_cv_search_select='none required'
am_cv_CC_dependencies_compiler_type=gcc3
am_cv_CXX_dependencies_compiler_type=gcc3
lt_cv_ar_at_file=@
lt_cv_deplibs_check_method=pass_all
lt_cv_file_magic_cmd='$MAGIC_CMD'
lt_cv_file_magic_test_file=
lt_cv_ld_reload_flag=-r
lt_cv_nm_interface='BSD nm'
lt_cv_objdir=.libs
lt_cv_path_LD=/usr/bin/ld
lt_cv_path_LDCXX=/usr/bin/ld
lt_cv_path_NM='/usr/bin/nm -B'
lt_cv_path_mainfest_tool=no
lt_cv_prog_compiler_c_o=yes
lt_cv_prog_compiler_c_o_CXX=yes
lt_cv_prog_compiler_pic='-fPIC -DPIC'
lt_cv_prog_compiler_pic_CXX='-fPIC -DPIC'
lt_cv_prog_compiler_pic_works=yes
lt_cv_prog_compiler_pic_works_CXX=yes
lt_cv_prog_compiler_rtti_exceptions=no
lt_cv_prog_compiler_static_works=yes
lt_cv_prog_compiler_static_works_CXX=yes
lt_cv_prog_gnu_ld=yes
lt_cv_prog_gnu_ldcxx=yes
lt_cv_sharedlib_from_linklib_cmd='printf %s\n'
lt_cv_shlibpath_overrides_runpath=no
lt_cv_sys_global_symbol_pipe='sed -n -e '\''s/^.*[	 ]\([ABCDGIRSTW][ABCDGIRSTW]*\)[	 ][	 ]*\([_A-Za-z][_A-Za-z0-9]*\)$/\1 \2 \2/p'\'' | sed '\''/ __gnu_lto/d'\'''
lt_cv_sys_global_symbol_to_c_name_address='sed -n -e '\''s/^: \([^ ]*\)[ ]*$/  {\"\1\", (void *) 0},/p'\'' -e '\''s/^[ABCDGIRSTW]* \([^ ]*\) \([^ ]*\)$/  {"\2", (void *) \&\2},/p'\'''
lt_cv_sys_global_symbol_to_c_name_address_lib_prefix='sed -n -e '\''s/^: \([^ ]*\)[ ]*$/  {\"\1\", (void *) 0},/p'\'' -e '\''s/^[ABCDGIRSTW]* \([^ ]*\) \(lib[^ ]*\)$/  {"\2", (void *) \&\2},/p'\'' -e '\''s/^[ABCDGIRSTW]* \([^ ]*\) \([^ ]*\)$/  {"lib\2", (void *) \&\2},/p'\'''
lt_cv_sys_global_symbol_to_cdecl='sed -n -e '\''s/^T .* \(.*\)$/extern int \1();/p'\'' -e '\''s/^[ABCDGIRSTW]* .* \(.*\)$/extern char \1;/p'\'''
lt_cv_sys_max_cmd_len=1572864
lt_cv_to_host_file_cmd=func_convert_file_noop
lt_cv_to_tool_file_cmd=func_convert_file_noop

## ----------------- ##
## Output variables. ##
## ----------------- ##

ACLOCAL='${SHELL} /opt/c++11/c-11/PG/libpqxx-4.0.1/config/missing --run aclocal-1.11'
AMDEPBACKSLASH='\'
AMDEP_FALSE='#'
AMDEP_TRUE=''
AMTAR='$${TAR-tar}'
AR='ar'
AUTOCONF='${SHELL} /opt/c++11/c-11/PG/libpqxx-4.0.1/config/missing --run autoconf'
AUTOHEADER='${SHELL} /opt/c++11/c-11/PG/libpqxx-4.0.1/config/missing --run autoheader'
AUTOMAKE='${SHELL} /opt/c++11/c-11/PG/libpqxx-4.0.1/config/missing --run automake-1.11'
AWK='mawk'
BUILD_REFERENCE_FALSE='#'
BUILD_REFERENCE_TRUE=''
BUILD_TUTORIAL_FALSE='#'
BUILD_TUTORIAL_TRUE=''
CC='gcc'
CCDEPMODE='depmode=gcc3'
CFLAGS='-g -O2'
CPP='gcc -E'
CPPFLAGS=''
CXX='g++'
CXXCPP='g++ -E'
CXXDEPMODE='depmode=gcc3'
CXXFLAGS='-g -O2'
CYGPATH_W='echo'
DEFS=''
DEPDIR='.deps'
DLLTOOL='false'
DOXYGEN=''
DSYMUTIL=''
DUMPBIN=''
ECHO_C=''
ECHO_N='-n'
ECHO_T=''
EGREP='/bin/grep -E'
EXEEXT=''
FGREP='/bin/grep -F'
GREP='/bin/grep'
HAVE_DOT='NO'
INSTALL_DATA='${INSTALL} -m 644'
INSTALL_PROGRAM='${INSTALL}'
INSTALL_SCRIPT='${INSTALL}'
INSTALL_STRIP_PROGRAM='$(install_sh) -c -s'
LD='/usr/bin/ld'
LDFLAGS=''
LIBOBJS=''
LIBS=''
LIBTOOL='$(SHELL) $(top_builddir)/libtool'
LIPO=''
LN_S='ln -s'
LTLIBOBJS=''
MAINT='#'
MAINTAINER_MODE_FALSE=''
MAINTAINER_MODE_TRUE='#'
MAKEINFO='${SHELL} /opt/c++11/c-11/PG/libpqxx-4.0.1/config/missing --run makeinfo'
MANIFEST_TOOL=':'
MKDIR='/bin/mkdir'
MKDIR_P='/bin/mkdir -p'
NM='/usr/bin/nm -B'
NMEDIT=''
OBJDUMP='objdump'
OBJEXT='o'
OTOOL64=''
OTOOL=''
PACKAGE='libpqxx'
PACKAGE_BUGREPORT='Jeroen T. Vermeulen <jtv@xs4all.nl>'
PACKAGE_NAME='libpqxx'
PACKAGE_STRING='libpqxx 4.0.1'
PACKAGE_TARNAME='libpqxx'
PACKAGE_URL=''
PACKAGE_VERSION='4.0.1'
PATH_SEPARATOR=':'
PG_CONFIG='/usr/bin/pg_config'
PKG_CONFIG='/usr/bin/pkg-config'
POSTGRES_INCLUDE='-I'
POSTGRES_LIB=''
PQXXVERSION='4.0.1'
PQXX_ABI='4.0'
PQXX_MAJOR='4'
PQXX_MINOR='0'
RANLIB='ranlib'
SED='/bin/sed'
SET_MAKE=''
SHELL='/bin/bash'
STRIP='strip'
VERSION='4.0.1'
XMLTO=''
ac_ct_AR='ar'
ac_ct_CC='gcc'
ac_ct_CXX='g++'
ac_ct_DUMPBIN=''
am__EXEEXT_FALSE=''
am__EXEEXT_TRUE=''
am__fastdepCC_FALSE='#'
am__fastdepCC_TRUE=''
am__fastdepCXX_FALSE='#'
am__fastdepCXX_TRUE=''
am__include='include'
am__isrc=''
am__leading_dot='.'
am__nodep='_no'
am__quote=''
am__tar='$${TAR-tar} chof - "$$tardir"'
am__untar='$${TAR-tar} xf -'
bindir='${exec_prefix}/bin'
build='i686-pc-linux-gnu'
build_alias=''
build_cpu='i686'
build_os='linux-gnu'
build_vendor='pc'
datadir='${datarootdir}'
datarootdir='${prefix}/share'
docdir='${datarootdir}/doc/${PACKAGE_TARNAME}'
dvidir='${docdir}'
exec_prefix='NONE'
host='i686-pc-linux-gnu'
host_alias=''
host_cpu='i686'
host_os='linux-gnu'
host_vendor='pc'
htmldir='${docdir}'
includedir='${prefix}/include'
infodir='${datarootdir}/info'
install_sh='${SHELL} /opt/c++11/c-11/PG/libpqxx-4.0.1/config/install-sh'
libdir='${exec_prefix}/lib'
libexecdir='${exec_prefix}/libexec'
localedir='${datarootdir}/locale'
localstatedir='${prefix}/var'
mandir='${datarootdir}/man'
mkdir_p='/bin/mkdir -p'
oldincludedir='/usr/include'
pdfdir='${docdir}'
prefix='NONE'
program_transform_name='s,x,x,'
psdir='${docdir}'
sbindir='${exec_prefix}/sbin'
sharedstatedir='${prefix}/com'
sysconfdir='${prefix}/etc'
target_alias=''
with_postgres_include=''
with_postgres_lib=''

## ----------- ##
## confdefs.h. ##
## ----------- ##

/* confdefs.h */
#define PACKAGE_NAME "libpqxx"
#define PACKAGE_TARNAME "libpqxx"
#define PACKAGE_VERSION "4.0.1"
#define PACKAGE_STRING "libpqxx 4.0.1"
#define PACKAGE_BUGREPORT "Jeroen T. Vermeulen <jtv@xs4all.nl>"
#define PACKAGE_URL ""
#define PACKAGE "libpqxx"
#define VERSION "4.0.1"
#define STDC_HEADERS 1
#define HAVE_SYS_TYPES_H 1
#define HAVE_SYS_STAT_H 1
#define HAVE_STDLIB_H 1
#define HAVE_STRING_H 1
#define HAVE_MEMORY_H 1
#define HAVE_STRINGS_H 1
#define HAVE_INTTYPES_H 1
#define HAVE_STDINT_H 1
#define HAVE_UNISTD_H 1
#define HAVE_DLFCN_H 1
#define LT_OBJDIR ".libs/"
#define PQXX_HAVE_GCC_VISIBILITY 1
#define PQXX_HAVE_GCC_CONST 1
#define PQXX_HAVE_GCC_DEPRECATED 1
#define PQXX_HAVE_GCC_NORETURN 1
#define PQXX_HAVE_GCC_PURE 1
#define PGSTD std
#define PQXX_TR1_HEADERS 1
#define PQXXTR1 std::tr1
#define PQXX_HAVE_IOS 1
#define PQXX_HAVE_STREAMBUF 1
#define PQXX_HAVE_LOCALE 1
#define PQXX_HAVE_IMBUE 1
#define PQXX_HAVE_CHAR_TRAITS 1
#define PQXX_HAVE_CPP_WARNING 1
#define PQXX_HAVE_CPP_PRAGMA_MESSAGE 1
#define STDC_HEADERS 1

configure: exit 1
